<?xml version="1.0" encoding="utf-8"?>
<test-run id="2" testcasecount="74" result="Failed(Child)" total="74" passed="73" failed="1" inconclusive="0" skipped="0" asserts="0" engine-version="3.5.0.0" clr-version="4.0.30319.42000" start-time="2025-12-08 08:03:47Z" end-time="2025-12-08 08:03:48Z" duration="0.2534517">
  <test-suite type="TestSuite" id="1102" name="Alpha" fullname="Alpha" runstate="Runnable" testcasecount="74" result="Failed" site="Child" start-time="2025-12-08 08:03:47Z" end-time="2025-12-08 08:03:48Z" duration="0.253452" total="74" passed="73" failed="1" inconclusive="0" skipped="0" asserts="0">
    <properties>
      <property name="platform" value="EditMode" />
    </properties>
    <failure>
      <message><![CDATA[One or more child tests had errors]]></message>
    </failure>
    <test-suite type="Assembly" id="1090" name="States.Tests.dll" fullname="C:/github/Alpha/Library/ScriptAssemblies/States.Tests.dll" runstate="Runnable" testcasecount="74" result="Failed" site="Child" start-time="2025-12-08 08:03:48Z" end-time="2025-12-08 08:03:48Z" duration="0.216558" total="74" passed="73" failed="1" inconclusive="0" skipped="0" asserts="0">
      <properties>
        <property name="_PID" value="2704" />
        <property name="_APPDOMAIN" value="Unity Child Domain" />
        <property name="platform" value="EditMode" />
        <property name="EditorOnly" value="True" />
      </properties>
      <failure>
        <message><![CDATA[One or more child tests had errors]]></message>
      </failure>
      <test-suite type="TestSuite" id="1091" name="Cyclops" fullname="Cyclops" runstate="Runnable" testcasecount="74" result="Failed" site="Child" start-time="2025-12-08 08:03:48Z" end-time="2025-12-08 08:03:48Z" duration="0.210656" total="74" passed="73" failed="1" inconclusive="0" skipped="0" asserts="0">
        <properties />
        <failure>
          <message><![CDATA[One or more child tests had errors]]></message>
        </failure>
        <test-suite type="TestSuite" id="1092" name="States" fullname="Cyclops.States" runstate="Runnable" testcasecount="74" result="Failed" site="Child" start-time="2025-12-08 08:03:48Z" end-time="2025-12-08 08:03:48Z" duration="0.205551" total="74" passed="73" failed="1" inconclusive="0" skipped="0" asserts="0">
          <properties />
          <failure>
            <message><![CDATA[One or more child tests had errors]]></message>
          </failure>
          <test-suite type="TestSuite" id="1093" name="Tests" fullname="Cyclops.States.Tests" runstate="Runnable" testcasecount="74" result="Failed" site="Child" start-time="2025-12-08 08:03:48Z" end-time="2025-12-08 08:03:48Z" duration="0.200020" total="74" passed="73" failed="1" inconclusive="0" skipped="0" asserts="0">
            <properties />
            <failure>
              <message><![CDATA[One or more child tests had errors]]></message>
            </failure>
            <test-suite type="TestFixture" id="1001" name="BackgroundModeTests" fullname="Cyclops.States.Tests.BackgroundModeTests" classname="Cyclops.States.Tests.BackgroundModeTests" runstate="Runnable" testcasecount="3" result="Passed" start-time="2025-12-08 08:03:48Z" end-time="2025-12-08 08:03:48Z" duration="0.037137" total="3" passed="3" failed="0" inconclusive="0" skipped="0" asserts="0">
              <properties />
              <test-case id="1003" name="BackgroundModeEntered_CalledOnPush" fullname="Cyclops.States.Tests.BackgroundModeTests.BackgroundModeEntered_CalledOnPush" methodname="BackgroundModeEntered_CalledOnPush" classname="Cyclops.States.Tests.BackgroundModeTests" runstate="Runnable" seed="428646900" result="Passed" start-time="2025-12-08 08:03:48Z" end-time="2025-12-08 08:03:48Z" duration="0.012800" asserts="0">
                <properties>
                  <property name="retryIteration" value="0" />
                  <property name="repeatIteration" value="0" />
                </properties>
              </test-case>
              <test-case id="1004" name="BackgroundModeExited_CalledOnPop" fullname="Cyclops.States.Tests.BackgroundModeTests.BackgroundModeExited_CalledOnPop" methodname="BackgroundModeExited_CalledOnPop" classname="Cyclops.States.Tests.BackgroundModeTests" runstate="Runnable" seed="286946278" result="Passed" start-time="2025-12-08 08:03:48Z" end-time="2025-12-08 08:03:48Z" duration="0.001156" asserts="0">
                <properties>
                  <property name="retryIteration" value="0" />
                  <property name="repeatIteration" value="0" />
                </properties>
              </test-case>
              <test-case id="1002" name="BackgroundState_ReceivesBackgroundUpdates" fullname="Cyclops.States.Tests.BackgroundModeTests.BackgroundState_ReceivesBackgroundUpdates" methodname="BackgroundState_ReceivesBackgroundUpdates" classname="Cyclops.States.Tests.BackgroundModeTests" runstate="Runnable" seed="634531586" result="Passed" start-time="2025-12-08 08:03:48Z" end-time="2025-12-08 08:03:48Z" duration="0.004001" asserts="0">
                <properties>
                  <property name="retryIteration" value="0" />
                  <property name="repeatIteration" value="0" />
                </properties>
              </test-case>
            </test-suite>
            <test-suite type="TestFixture" id="1005" name="ComplexScenarioTests" fullname="Cyclops.States.Tests.ComplexScenarioTests" classname="Cyclops.States.Tests.ComplexScenarioTests" runstate="Runnable" testcasecount="3" result="Passed" start-time="2025-12-08 08:03:48Z" end-time="2025-12-08 08:03:48Z" duration="0.008946" total="3" passed="3" failed="0" inconclusive="0" skipped="0" asserts="0">
              <properties />
              <test-case id="1008" name="DeepStack_AllStatesReceiveBackgroundUpdates" fullname="Cyclops.States.Tests.ComplexScenarioTests.DeepStack_AllStatesReceiveBackgroundUpdates" methodname="DeepStack_AllStatesReceiveBackgroundUpdates" classname="Cyclops.States.Tests.ComplexScenarioTests" runstate="Runnable" seed="456241716" result="Passed" start-time="2025-12-08 08:03:48Z" end-time="2025-12-08 08:03:48Z" duration="0.000578" asserts="0">
                <properties>
                  <property name="retryIteration" value="0" />
                  <property name="repeatIteration" value="0" />
                </properties>
              </test-case>
              <test-case id="1006" name="ModalOverlay_PushPop_Pattern" fullname="Cyclops.States.Tests.ComplexScenarioTests.ModalOverlay_PushPop_Pattern" methodname="ModalOverlay_PushPop_Pattern" classname="Cyclops.States.Tests.ComplexScenarioTests" runstate="Runnable" seed="951986567" result="Passed" start-time="2025-12-08 08:03:48Z" end-time="2025-12-08 08:03:48Z" duration="0.000346" asserts="0">
                <properties>
                  <property name="retryIteration" value="0" />
                  <property name="repeatIteration" value="0" />
                </properties>
              </test-case>
              <test-case id="1007" name="StateMachine_Chain_ABCA" fullname="Cyclops.States.Tests.ComplexScenarioTests.StateMachine_Chain_ABCA" methodname="StateMachine_Chain_ABCA" classname="Cyclops.States.Tests.ComplexScenarioTests" runstate="Runnable" seed="235588753" result="Passed" start-time="2025-12-08 08:03:48Z" end-time="2025-12-08 08:03:48Z" duration="0.000425" asserts="0">
                <properties>
                  <property name="retryIteration" value="0" />
                  <property name="repeatIteration" value="0" />
                </properties>
              </test-case>
            </test-suite>
            <test-suite type="TestFixture" id="1009" name="DisposeTests" fullname="Cyclops.States.Tests.DisposeTests" classname="Cyclops.States.Tests.DisposeTests" runstate="Runnable" testcasecount="3" result="Failed" site="Child" start-time="2025-12-08 08:03:48Z" end-time="2025-12-08 08:03:48Z" duration="0.014639" total="3" passed="2" failed="1" inconclusive="0" skipped="0" asserts="0">
              <properties />
              <failure>
                <message><![CDATA[One or more child tests had errors]]></message>
              </failure>
              <test-case id="1011" name="Dispose_CanBeCalledAfterStateUsed" fullname="Cyclops.States.Tests.DisposeTests.Dispose_CanBeCalledAfterStateUsed" methodname="Dispose_CanBeCalledAfterStateUsed" classname="Cyclops.States.Tests.DisposeTests" runstate="Runnable" seed="1365477106" result="Passed" start-time="2025-12-08 08:03:48Z" end-time="2025-12-08 08:03:48Z" duration="0.001623" asserts="0">
                <properties>
                  <property name="retryIteration" value="0" />
                  <property name="repeatIteration" value="0" />
                </properties>
              </test-case>
              <test-case id="1012" name="Dispose_CanBeCalledMultipleTimes" fullname="Cyclops.States.Tests.DisposeTests.Dispose_CanBeCalledMultipleTimes" methodname="Dispose_CanBeCalledMultipleTimes" classname="Cyclops.States.Tests.DisposeTests" runstate="Runnable" seed="1316481845" result="Failed" start-time="2025-12-08 08:03:48Z" end-time="2025-12-08 08:03:48Z" duration="0.005915" asserts="0">
                <properties>
                  <property name="retryIteration" value="0" />
                  <property name="repeatIteration" value="0" />
                </properties>
                <failure>
                  <message><![CDATA[  Expected: No Exception to be thrown
  But was:  <System.InvalidOperationException: Trying to release an object that has already been released to the pool.
  at UnityEngine.Pool.ObjectPool`1[T].Release (T element) [0x00036] in <6ac3dc377bbc4b548cec280d3ae9ecaa>:0 
  at UnityEngine.Pool.CollectionPool`2[TCollection,TItem].Release (TCollection toRelease) [0x00000] in <6ac3dc377bbc4b548cec280d3ae9ecaa>:0 
  at Cyclops.States.CyclopsState.Dispose () [0x00001] in C:\github\archive\c#\org.cyclopsframework.states\Runtime\States\CyclopsState.cs:301 
  at Cyclops.States.Tests.DisposeTests+<>c__DisplayClass2_0.<Dispose_CanBeCalledMultipleTimes>b__0 () [0x0000d] in C:\github\archive\c#\org.cyclopsframework.states\Tests\DisposeTests.cs:51 
  at NUnit.Framework.Constraints.ThrowsConstraint+VoidInvocationDescriptor.Invoke () [0x00000] in <f577cd9686154d6ab10efd7e65e64366>:0 
  at NUnit.Framework.Constraints.ThrowsConstraint+ExceptionInterceptor.Intercept (System.Object invocation) [0x00041] in <f577cd9686154d6ab10efd7e65e64366>:0 >
]]></message>
                  <stack-trace><![CDATA[at Cyclops.States.Tests.DisposeTests.Dispose_CanBeCalledMultipleTimes () [0x00012] in C:\github\archive\c#\org.cyclopsframework.states\Tests\DisposeTests.cs:48
]]></stack-trace>
                </failure>
              </test-case>
              <test-case id="1010" name="Dispose_CanBeCalledSafely" fullname="Cyclops.States.Tests.DisposeTests.Dispose_CanBeCalledSafely" methodname="Dispose_CanBeCalledSafely" classname="Cyclops.States.Tests.DisposeTests" runstate="Runnable" seed="34119354" result="Passed" start-time="2025-12-08 08:03:48Z" end-time="2025-12-08 08:03:48Z" duration="0.000221" asserts="0">
                <properties>
                  <property name="retryIteration" value="0" />
                  <property name="repeatIteration" value="0" />
                </properties>
              </test-case>
            </test-suite>
            <test-suite type="TestFixture" id="1013" name="EdgeCaseTests" fullname="Cyclops.States.Tests.EdgeCaseTests" classname="Cyclops.States.Tests.EdgeCaseTests" runstate="Runnable" testcasecount="4" result="Passed" start-time="2025-12-08 08:03:48Z" end-time="2025-12-08 08:03:48Z" duration="0.008900" total="4" passed="4" failed="0" inconclusive="0" skipped="0" asserts="0">
              <properties />
              <test-case id="1014" name="MultipleStates_PushedRapidly_AllStart" fullname="Cyclops.States.Tests.EdgeCaseTests.MultipleStates_PushedRapidly_AllStart" methodname="MultipleStates_PushedRapidly_AllStart" classname="Cyclops.States.Tests.EdgeCaseTests" runstate="Runnable" seed="698712526" result="Passed" start-time="2025-12-08 08:03:48Z" end-time="2025-12-08 08:03:48Z" duration="0.000681" asserts="0">
                <properties>
                  <property name="retryIteration" value="0" />
                  <property name="repeatIteration" value="0" />
                </properties>
              </test-case>
              <test-case id="1017" name="State_Stop_CanBeCalledMultipleTimes" fullname="Cyclops.States.Tests.EdgeCaseTests.State_Stop_CanBeCalledMultipleTimes" methodname="State_Stop_CanBeCalledMultipleTimes" classname="Cyclops.States.Tests.EdgeCaseTests" runstate="Runnable" seed="1277943666" result="Passed" start-time="2025-12-08 08:03:48Z" end-time="2025-12-08 08:03:48Z" duration="0.000270" asserts="0">
                <properties>
                  <property name="retryIteration" value="0" />
                  <property name="repeatIteration" value="0" />
                </properties>
              </test-case>
              <test-case id="1015" name="Stop_CausesStateToExit_OnNextUpdate" fullname="Cyclops.States.Tests.EdgeCaseTests.Stop_CausesStateToExit_OnNextUpdate" methodname="Stop_CausesStateToExit_OnNextUpdate" classname="Cyclops.States.Tests.EdgeCaseTests" runstate="Runnable" seed="1981054435" result="Passed" start-time="2025-12-08 08:03:48Z" end-time="2025-12-08 08:03:48Z" duration="0.000281" asserts="0">
                <properties>
                  <property name="retryIteration" value="0" />
                  <property name="repeatIteration" value="0" />
                </properties>
              </test-case>
              <test-case id="1016" name="TransitionCondition_EvaluatedEachFrame" fullname="Cyclops.States.Tests.EdgeCaseTests.TransitionCondition_EvaluatedEachFrame" methodname="TransitionCondition_EvaluatedEachFrame" classname="Cyclops.States.Tests.EdgeCaseTests" runstate="Runnable" seed="1326982946" result="Passed" start-time="2025-12-08 08:03:48Z" end-time="2025-12-08 08:03:48Z" duration="0.000249" asserts="0">
                <properties>
                  <property name="retryIteration" value="0" />
                  <property name="repeatIteration" value="0" />
                </properties>
              </test-case>
            </test-suite>
            <test-suite type="TestFixture" id="1018" name="ExitTransitionTests" fullname="Cyclops.States.Tests.ExitTransitionTests" classname="Cyclops.States.Tests.ExitTransitionTests" runstate="Runnable" testcasecount="3" result="Passed" start-time="2025-12-08 08:03:48Z" end-time="2025-12-08 08:03:48Z" duration="0.010444" total="3" passed="3" failed="0" inconclusive="0" skipped="0" asserts="0">
              <properties />
              <test-case id="1019" name="AddExitTransition_FiresOnStop" fullname="Cyclops.States.Tests.ExitTransitionTests.AddExitTransition_FiresOnStop" methodname="AddExitTransition_FiresOnStop" classname="Cyclops.States.Tests.ExitTransitionTests" runstate="Runnable" seed="1008969872" result="Passed" start-time="2025-12-08 08:03:48Z" end-time="2025-12-08 08:03:48Z" duration="0.001665" asserts="0">
                <properties>
                  <property name="retryIteration" value="0" />
                  <property name="repeatIteration" value="0" />
                </properties>
              </test-case>
              <test-case id="1020" name="ExitOnAction_CorrectlyExits" fullname="Cyclops.States.Tests.ExitTransitionTests.ExitOnAction_CorrectlyExits" methodname="ExitOnAction_CorrectlyExits" classname="Cyclops.States.Tests.ExitTransitionTests" runstate="Runnable" seed="1751279508" result="Passed" start-time="2025-12-08 08:03:48Z" end-time="2025-12-08 08:03:48Z" duration="0.000487" asserts="0">
                <properties>
                  <property name="retryIteration" value="0" />
                  <property name="repeatIteration" value="0" />
                </properties>
              </test-case>
              <test-case id="1021" name="ExitOnAction_Generic_CorrectlyExits" fullname="Cyclops.States.Tests.ExitTransitionTests.ExitOnAction_Generic_CorrectlyExits" methodname="ExitOnAction_Generic_CorrectlyExits" classname="Cyclops.States.Tests.ExitTransitionTests" runstate="Runnable" seed="1875435987" result="Passed" start-time="2025-12-08 08:03:48Z" end-time="2025-12-08 08:03:48Z" duration="0.000695" asserts="0">
                <properties>
                  <property name="retryIteration" value="0" />
                  <property name="repeatIteration" value="0" />
                </properties>
              </test-case>
            </test-suite>
            <test-suite type="TestFixture" id="1022" name="ForceStopTests" fullname="Cyclops.States.Tests.ForceStopTests" classname="Cyclops.States.Tests.ForceStopTests" runstate="Runnable" testcasecount="3" result="Passed" start-time="2025-12-08 08:03:48Z" end-time="2025-12-08 08:03:48Z" duration="0.007964" total="3" passed="3" failed="0" inconclusive="0" skipped="0" asserts="0">
              <properties />
              <test-case id="1025" name="ForceStop_CancelsPendingPushes" fullname="Cyclops.States.Tests.ForceStopTests.ForceStop_CancelsPendingPushes" methodname="ForceStop_CancelsPendingPushes" classname="Cyclops.States.Tests.ForceStopTests" runstate="Runnable" seed="1292687663" result="Passed" start-time="2025-12-08 08:03:48Z" end-time="2025-12-08 08:03:48Z" duration="0.000224" asserts="0">
                <properties>
                  <property name="retryIteration" value="0" />
                  <property name="repeatIteration" value="0" />
                </properties>
              </test-case>
              <test-case id="1024" name="ForceStop_MachineBecomesIdle" fullname="Cyclops.States.Tests.ForceStopTests.ForceStop_MachineBecomesIdle" methodname="ForceStop_MachineBecomesIdle" classname="Cyclops.States.Tests.ForceStopTests" runstate="Runnable" seed="940536138" result="Passed" start-time="2025-12-08 08:03:48Z" end-time="2025-12-08 08:03:48Z" duration="0.000150" asserts="0">
                <properties>
                  <property name="retryIteration" value="0" />
                  <property name="repeatIteration" value="0" />
                </properties>
              </test-case>
              <test-case id="1023" name="ForceStop_StopsAllStates_InOrder" fullname="Cyclops.States.Tests.ForceStopTests.ForceStop_StopsAllStates_InOrder" methodname="ForceStop_StopsAllStates_InOrder" classname="Cyclops.States.Tests.ForceStopTests" runstate="Runnable" seed="1925234067" result="Passed" start-time="2025-12-08 08:03:48Z" end-time="2025-12-08 08:03:48Z" duration="0.000425" asserts="0">
                <properties>
                  <property name="retryIteration" value="0" />
                  <property name="repeatIteration" value="0" />
                </properties>
              </test-case>
            </test-suite>
            <test-suite type="TestFixture" id="1026" name="LifecycleCallbackTests" fullname="Cyclops.States.Tests.LifecycleCallbackTests" classname="Cyclops.States.Tests.LifecycleCallbackTests" runstate="Runnable" testcasecount="3" result="Passed" start-time="2025-12-08 08:03:48Z" end-time="2025-12-08 08:03:48Z" duration="0.009172" total="3" passed="3" failed="0" inconclusive="0" skipped="0" asserts="0">
              <properties />
              <test-case id="1028" name="OnEnter_CalledOnce_PerActivation" fullname="Cyclops.States.Tests.LifecycleCallbackTests.OnEnter_CalledOnce_PerActivation" methodname="OnEnter_CalledOnce_PerActivation" classname="Cyclops.States.Tests.LifecycleCallbackTests" runstate="Runnable" seed="1536922196" result="Passed" start-time="2025-12-08 08:03:48Z" end-time="2025-12-08 08:03:48Z" duration="0.000325" asserts="0">
                <properties>
                  <property name="retryIteration" value="0" />
                  <property name="repeatIteration" value="0" />
                </properties>
              </test-case>
              <test-case id="1029" name="OnExit_CalledOnce_WhenStopped" fullname="Cyclops.States.Tests.LifecycleCallbackTests.OnExit_CalledOnce_WhenStopped" methodname="OnExit_CalledOnce_WhenStopped" classname="Cyclops.States.Tests.LifecycleCallbackTests" runstate="Runnable" seed="264646761" result="Passed" start-time="2025-12-08 08:03:48Z" end-time="2025-12-08 08:03:48Z" duration="0.000232" asserts="0">
                <properties>
                  <property name="retryIteration" value="0" />
                  <property name="repeatIteration" value="0" />
                </properties>
              </test-case>
              <test-case id="1027" name="Update_CyclopsState_CountsAreCorrect" fullname="Cyclops.States.Tests.LifecycleCallbackTests.Update_CyclopsState_CountsAreCorrect" methodname="Update_CyclopsState_CountsAreCorrect" classname="Cyclops.States.Tests.LifecycleCallbackTests" runstate="Runnable" seed="31363180" result="Passed" start-time="2025-12-08 08:03:48Z" end-time="2025-12-08 08:03:48Z" duration="0.001542" asserts="0">
                <properties>
                  <property name="retryIteration" value="0" />
                  <property name="repeatIteration" value="0" />
                </properties>
                <reason>
                  <message><![CDATA[]]></message>
                </reason>
              </test-case>
            </test-suite>
            <test-suite type="TestFixture" id="1030" name="MonitoringApiTests" fullname="Cyclops.States.Tests.MonitoringApiTests" classname="Cyclops.States.Tests.MonitoringApiTests" runstate="Runnable" testcasecount="28" result="Passed" start-time="2025-12-08 08:03:48Z" end-time="2025-12-08 08:03:48Z" duration="0.030904" total="28" passed="28" failed="0" inconclusive="0" skipped="0" asserts="0">
              <properties />
              <test-case id="1057" name="ClearMonitoringCaches_AfterUse_DoesNotBreakFunctionality" fullname="Cyclops.States.Tests.MonitoringApiTests.ClearMonitoringCaches_AfterUse_DoesNotBreakFunctionality" methodname="ClearMonitoringCaches_AfterUse_DoesNotBreakFunctionality" classname="Cyclops.States.Tests.MonitoringApiTests" runstate="Runnable" seed="967944844" result="Passed" start-time="2025-12-08 08:03:48Z" end-time="2025-12-08 08:03:48Z" duration="0.005992" asserts="0">
                <properties>
                  <property name="retryIteration" value="0" />
                  <property name="repeatIteration" value="0" />
                </properties>
              </test-case>
              <test-case id="1056" name="ClearMonitoringCaches_CanBeCalledMultipleTimes" fullname="Cyclops.States.Tests.MonitoringApiTests.ClearMonitoringCaches_CanBeCalledMultipleTimes" methodname="ClearMonitoringCaches_CanBeCalledMultipleTimes" classname="Cyclops.States.Tests.MonitoringApiTests" runstate="Runnable" seed="1732941633" result="Passed" start-time="2025-12-08 08:03:48Z" end-time="2025-12-08 08:03:48Z" duration="0.000346" asserts="0">
                <properties>
                  <property name="retryIteration" value="0" />
                  <property name="repeatIteration" value="0" />
                </properties>
                <reason>
                  <message><![CDATA[]]></message>
                </reason>
              </test-case>
              <test-case id="1055" name="ClearMonitoringCaches_DoesNotThrow" fullname="Cyclops.States.Tests.MonitoringApiTests.ClearMonitoringCaches_DoesNotThrow" methodname="ClearMonitoringCaches_DoesNotThrow" classname="Cyclops.States.Tests.MonitoringApiTests" runstate="Runnable" seed="1761572639" result="Passed" start-time="2025-12-08 08:03:48Z" end-time="2025-12-08 08:03:48Z" duration="0.000229" asserts="0">
                <properties>
                  <property name="retryIteration" value="0" />
                  <property name="repeatIteration" value="0" />
                </properties>
              </test-case>
              <test-case id="1032" name="StateCount_IsOne_AfterPushAndUpdate" fullname="Cyclops.States.Tests.MonitoringApiTests.StateCount_IsOne_AfterPushAndUpdate" methodname="StateCount_IsOne_AfterPushAndUpdate" classname="Cyclops.States.Tests.MonitoringApiTests" runstate="Runnable" seed="239795916" result="Passed" start-time="2025-12-08 08:03:48Z" end-time="2025-12-08 08:03:48Z" duration="0.000256" asserts="0">
                <properties>
                  <property name="retryIteration" value="0" />
                  <property name="repeatIteration" value="0" />
                </properties>
              </test-case>
              <test-case id="1031" name="StateCount_IsZero_WhenEmpty" fullname="Cyclops.States.Tests.MonitoringApiTests.StateCount_IsZero_WhenEmpty" methodname="StateCount_IsZero_WhenEmpty" classname="Cyclops.States.Tests.MonitoringApiTests" runstate="Runnable" seed="726082693" result="Passed" start-time="2025-12-08 08:03:48Z" end-time="2025-12-08 08:03:48Z" duration="0.000192" asserts="0">
                <properties>
                  <property name="retryIteration" value="0" />
                  <property name="repeatIteration" value="0" />
                </properties>
              </test-case>
              <test-case id="1033" name="StateCount_ReflectsStackDepth" fullname="Cyclops.States.Tests.MonitoringApiTests.StateCount_ReflectsStackDepth" methodname="StateCount_ReflectsStackDepth" classname="Cyclops.States.Tests.MonitoringApiTests" runstate="Runnable" seed="121586492" result="Passed" start-time="2025-12-08 08:03:48Z" end-time="2025-12-08 08:03:48Z" duration="0.000282" asserts="0">
                <properties>
                  <property name="retryIteration" value="0" />
                  <property name="repeatIteration" value="0" />
                </properties>
              </test-case>
              <test-case id="1045" name="StateSnapshot_IsActive_ReflectsState" fullname="Cyclops.States.Tests.MonitoringApiTests.StateSnapshot_IsActive_ReflectsState" methodname="StateSnapshot_IsActive_ReflectsState" classname="Cyclops.States.Tests.MonitoringApiTests" runstate="Runnable" seed="1553543604" result="Passed" start-time="2025-12-08 08:03:48Z" end-time="2025-12-08 08:03:48Z" duration="0.000329" asserts="0">
                <properties>
                  <property name="retryIteration" value="0" />
                  <property name="repeatIteration" value="0" />
                </properties>
              </test-case>
              <test-case id="1046" name="StateSnapshot_IsForegroundState_ReflectsState" fullname="Cyclops.States.Tests.MonitoringApiTests.StateSnapshot_IsForegroundState_ReflectsState" methodname="StateSnapshot_IsForegroundState_ReflectsState" classname="Cyclops.States.Tests.MonitoringApiTests" runstate="Runnable" seed="1147598771" result="Passed" start-time="2025-12-08 08:03:48Z" end-time="2025-12-08 08:03:48Z" duration="0.000528" asserts="0">
                <properties>
                  <property name="retryIteration" value="0" />
                  <property name="repeatIteration" value="0" />
                </properties>
              </test-case>
              <test-case id="1044" name="StateSnapshot_Name_IsFullTypeName" fullname="Cyclops.States.Tests.MonitoringApiTests.StateSnapshot_Name_IsFullTypeName" methodname="StateSnapshot_Name_IsFullTypeName" classname="Cyclops.States.Tests.MonitoringApiTests" runstate="Runnable" seed="1485544251" result="Passed" start-time="2025-12-08 08:03:48Z" end-time="2025-12-08 08:03:48Z" duration="0.000369" asserts="0">
                <properties>
                  <property name="retryIteration" value="0" />
                  <property name="repeatIteration" value="0" />
                </properties>
              </test-case>
              <test-case id="1043" name="StateSnapshot_ShortName_IsClassName" fullname="Cyclops.States.Tests.MonitoringApiTests.StateSnapshot_ShortName_IsClassName" methodname="StateSnapshot_ShortName_IsClassName" classname="Cyclops.States.Tests.MonitoringApiTests" runstate="Runnable" seed="1387190609" result="Passed" start-time="2025-12-08 08:03:48Z" end-time="2025-12-08 08:03:48Z" duration="0.000284" asserts="0">
                <properties>
                  <property name="retryIteration" value="0" />
                  <property name="repeatIteration" value="0" />
                </properties>
              </test-case>
              <test-case id="1047" name="StateSnapshot_Transitions_IsEmpty_WhenNoTransitions" fullname="Cyclops.States.Tests.MonitoringApiTests.StateSnapshot_Transitions_IsEmpty_WhenNoTransitions" methodname="StateSnapshot_Transitions_IsEmpty_WhenNoTransitions" classname="Cyclops.States.Tests.MonitoringApiTests" runstate="Runnable" seed="490161699" result="Passed" start-time="2025-12-08 08:03:48Z" end-time="2025-12-08 08:03:48Z" duration="0.000513" asserts="0">
                <properties>
                  <property name="retryIteration" value="0" />
                  <property name="repeatIteration" value="0" />
                </properties>
              </test-case>
              <test-case id="1048" name="StateSnapshot_Transitions_ReflectsAddedTransitions" fullname="Cyclops.States.Tests.MonitoringApiTests.StateSnapshot_Transitions_ReflectsAddedTransitions" methodname="StateSnapshot_Transitions_ReflectsAddedTransitions" classname="Cyclops.States.Tests.MonitoringApiTests" runstate="Runnable" seed="182422193" result="Passed" start-time="2025-12-08 08:03:48Z" end-time="2025-12-08 08:03:48Z" duration="0.000362" asserts="0">
                <properties>
                  <property name="retryIteration" value="0" />
                  <property name="repeatIteration" value="0" />
                </properties>
              </test-case>
              <test-case id="1054" name="StateSnapshot_Transitions_ReflectsMultipleTransitions" fullname="Cyclops.States.Tests.MonitoringApiTests.StateSnapshot_Transitions_ReflectsMultipleTransitions" methodname="StateSnapshot_Transitions_ReflectsMultipleTransitions" classname="Cyclops.States.Tests.MonitoringApiTests" runstate="Runnable" seed="90104449" result="Passed" start-time="2025-12-08 08:03:48Z" end-time="2025-12-08 08:03:48Z" duration="0.001592" asserts="0">
                <properties>
                  <property name="retryIteration" value="0" />
                  <property name="repeatIteration" value="0" />
                </properties>
              </test-case>
              <test-case id="1058" name="TransitionCache_UpdatesWhenTransitionsAdded" fullname="Cyclops.States.Tests.MonitoringApiTests.TransitionCache_UpdatesWhenTransitionsAdded" methodname="TransitionCache_UpdatesWhenTransitionsAdded" classname="Cyclops.States.Tests.MonitoringApiTests" runstate="Runnable" seed="1392906613" result="Passed" start-time="2025-12-08 08:03:48Z" end-time="2025-12-08 08:03:48Z" duration="0.000497" asserts="0">
                <properties>
                  <property name="retryIteration" value="0" />
                  <property name="repeatIteration" value="0" />
                </properties>
              </test-case>
              <test-case id="1051" name="TransitionSnapshot_Op_ReflectsPopTransition" fullname="Cyclops.States.Tests.MonitoringApiTests.TransitionSnapshot_Op_ReflectsPopTransition" methodname="TransitionSnapshot_Op_ReflectsPopTransition" classname="Cyclops.States.Tests.MonitoringApiTests" runstate="Runnable" seed="1025586304" result="Passed" start-time="2025-12-08 08:03:48Z" end-time="2025-12-08 08:03:48Z" duration="0.000360" asserts="0">
                <properties>
                  <property name="retryIteration" value="0" />
                  <property name="repeatIteration" value="0" />
                </properties>
              </test-case>
              <test-case id="1050" name="TransitionSnapshot_Op_ReflectsPushTransition" fullname="Cyclops.States.Tests.MonitoringApiTests.TransitionSnapshot_Op_ReflectsPushTransition" methodname="TransitionSnapshot_Op_ReflectsPushTransition" classname="Cyclops.States.Tests.MonitoringApiTests" runstate="Runnable" seed="799490798" result="Passed" start-time="2025-12-08 08:03:48Z" end-time="2025-12-08 08:03:48Z" duration="0.000368" asserts="0">
                <properties>
                  <property name="retryIteration" value="0" />
                  <property name="repeatIteration" value="0" />
                </properties>
              </test-case>
              <test-case id="1049" name="TransitionSnapshot_Op_ReflectsReplaceTransition" fullname="Cyclops.States.Tests.MonitoringApiTests.TransitionSnapshot_Op_ReflectsReplaceTransition" methodname="TransitionSnapshot_Op_ReflectsReplaceTransition" classname="Cyclops.States.Tests.MonitoringApiTests" runstate="Runnable" seed="2087747766" result="Passed" start-time="2025-12-08 08:03:48Z" end-time="2025-12-08 08:03:48Z" duration="0.000364" asserts="0">
                <properties>
                  <property name="retryIteration" value="0" />
                  <property name="repeatIteration" value="0" />
                </properties>
              </test-case>
              <test-case id="1052" name="TransitionSnapshot_TargetName_IsNull_ForPopTransition" fullname="Cyclops.States.Tests.MonitoringApiTests.TransitionSnapshot_TargetName_IsNull_ForPopTransition" methodname="TransitionSnapshot_TargetName_IsNull_ForPopTransition" classname="Cyclops.States.Tests.MonitoringApiTests" runstate="Runnable" seed="1563966360" result="Passed" start-time="2025-12-08 08:03:48Z" end-time="2025-12-08 08:03:48Z" duration="0.000555" asserts="0">
                <properties>
                  <property name="retryIteration" value="0" />
                  <property name="repeatIteration" value="0" />
                </properties>
              </test-case>
              <test-case id="1053" name="TransitionSnapshot_TargetName_ReflectsTargetState" fullname="Cyclops.States.Tests.MonitoringApiTests.TransitionSnapshot_TargetName_ReflectsTargetState" methodname="TransitionSnapshot_TargetName_ReflectsTargetState" classname="Cyclops.States.Tests.MonitoringApiTests" runstate="Runnable" seed="194442017" result="Passed" start-time="2025-12-08 08:03:48Z" end-time="2025-12-08 08:03:48Z" duration="0.000379" asserts="0">
                <properties>
                  <property name="retryIteration" value="0" />
                  <property name="repeatIteration" value="0" />
                </properties>
              </test-case>
              <test-case id="1041" name="VisitStateStack_EmptyStack_DoesNotInvoke" fullname="Cyclops.States.Tests.MonitoringApiTests.VisitStateStack_EmptyStack_DoesNotInvoke" methodname="VisitStateStack_EmptyStack_DoesNotInvoke" classname="Cyclops.States.Tests.MonitoringApiTests" runstate="Runnable" seed="1908405541" result="Passed" start-time="2025-12-08 08:03:48Z" end-time="2025-12-08 08:03:48Z" duration="0.000449" asserts="0">
                <properties>
                  <property name="retryIteration" value="0" />
                  <property name="repeatIteration" value="0" />
                </properties>
              </test-case>
              <test-case id="1040" name="VisitStateStack_InvokesForEachState" fullname="Cyclops.States.Tests.MonitoringApiTests.VisitStateStack_InvokesForEachState" methodname="VisitStateStack_InvokesForEachState" classname="Cyclops.States.Tests.MonitoringApiTests" runstate="Runnable" seed="2031025953" result="Passed" start-time="2025-12-08 08:03:48Z" end-time="2025-12-08 08:03:48Z" duration="0.000427" asserts="0">
                <properties>
                  <property name="retryIteration" value="0" />
                  <property name="repeatIteration" value="0" />
                </properties>
              </test-case>
              <test-case id="1042" name="VisitStateStack_ProvidesCorrectSnapshots" fullname="Cyclops.States.Tests.MonitoringApiTests.VisitStateStack_ProvidesCorrectSnapshots" methodname="VisitStateStack_ProvidesCorrectSnapshots" classname="Cyclops.States.Tests.MonitoringApiTests" runstate="Runnable" seed="94654968" result="Passed" start-time="2025-12-08 08:03:48Z" end-time="2025-12-08 08:03:48Z" duration="0.000428" asserts="0">
                <properties>
                  <property name="retryIteration" value="0" />
                  <property name="repeatIteration" value="0" />
                </properties>
              </test-case>
              <test-case id="1036" name="WithStateStackSnapshot_EmptyStack_PassesEmptyList" fullname="Cyclops.States.Tests.MonitoringApiTests.WithStateStackSnapshot_EmptyStack_PassesEmptyList" methodname="WithStateStackSnapshot_EmptyStack_PassesEmptyList" classname="Cyclops.States.Tests.MonitoringApiTests" runstate="Runnable" seed="1177803872" result="Passed" start-time="2025-12-08 08:03:48Z" end-time="2025-12-08 08:03:48Z" duration="0.000252" asserts="0">
                <properties>
                  <property name="retryIteration" value="0" />
                  <property name="repeatIteration" value="0" />
                </properties>
              </test-case>
              <test-case id="1039" name="WithStateStackSnapshot_Func_CanComputeFromStates" fullname="Cyclops.States.Tests.MonitoringApiTests.WithStateStackSnapshot_Func_CanComputeFromStates" methodname="WithStateStackSnapshot_Func_CanComputeFromStates" classname="Cyclops.States.Tests.MonitoringApiTests" runstate="Runnable" seed="144464521" result="Passed" start-time="2025-12-08 08:03:48Z" end-time="2025-12-08 08:03:48Z" duration="0.001083" asserts="0">
                <properties>
                  <property name="retryIteration" value="0" />
                  <property name="repeatIteration" value="0" />
                </properties>
              </test-case>
              <test-case id="1038" name="WithStateStackSnapshot_Func_ReturnsValue" fullname="Cyclops.States.Tests.MonitoringApiTests.WithStateStackSnapshot_Func_ReturnsValue" methodname="WithStateStackSnapshot_Func_ReturnsValue" classname="Cyclops.States.Tests.MonitoringApiTests" runstate="Runnable" seed="672040684" result="Passed" start-time="2025-12-08 08:03:48Z" end-time="2025-12-08 08:03:48Z" duration="0.000297" asserts="0">
                <properties>
                  <property name="retryIteration" value="0" />
                  <property name="repeatIteration" value="0" />
                </properties>
              </test-case>
              <test-case id="1034" name="WithStateStackSnapshot_InvokesAction" fullname="Cyclops.States.Tests.MonitoringApiTests.WithStateStackSnapshot_InvokesAction" methodname="WithStateStackSnapshot_InvokesAction" classname="Cyclops.States.Tests.MonitoringApiTests" runstate="Runnable" seed="1964510118" result="Passed" start-time="2025-12-08 08:03:48Z" end-time="2025-12-08 08:03:48Z" duration="0.000275" asserts="0">
                <properties>
                  <property name="retryIteration" value="0" />
                  <property name="repeatIteration" value="0" />
                </properties>
              </test-case>
              <test-case id="1035" name="WithStateStackSnapshot_PassesCorrectCount" fullname="Cyclops.States.Tests.MonitoringApiTests.WithStateStackSnapshot_PassesCorrectCount" methodname="WithStateStackSnapshot_PassesCorrectCount" classname="Cyclops.States.Tests.MonitoringApiTests" runstate="Runnable" seed="147964150" result="Passed" start-time="2025-12-08 08:03:48Z" end-time="2025-12-08 08:03:48Z" duration="0.000335" asserts="0">
                <properties>
                  <property name="retryIteration" value="0" />
                  <property name="repeatIteration" value="0" />
                </properties>
              </test-case>
              <test-case id="1037" name="WithStateStackSnapshot_StatesAreBottomToTop" fullname="Cyclops.States.Tests.MonitoringApiTests.WithStateStackSnapshot_StatesAreBottomToTop" methodname="WithStateStackSnapshot_StatesAreBottomToTop" classname="Cyclops.States.Tests.MonitoringApiTests" runstate="Runnable" seed="1689298662" result="Passed" start-time="2025-12-08 08:03:48Z" end-time="2025-12-08 08:03:48Z" duration="0.000363" asserts="0">
                <properties>
                  <property name="retryIteration" value="0" />
                  <property name="repeatIteration" value="0" />
                </properties>
              </test-case>
            </test-suite>
            <test-suite type="TestFixture" id="1059" name="PopTransitionTests" fullname="Cyclops.States.Tests.PopTransitionTests" classname="Cyclops.States.Tests.PopTransitionTests" runstate="Runnable" testcasecount="5" result="Passed" start-time="2025-12-08 08:03:48Z" end-time="2025-12-08 08:03:48Z" duration="0.010143" total="5" passed="5" failed="0" inconclusive="0" skipped="0" asserts="0">
              <properties />
              <test-case id="1063" name="AddPopTransition_OnLastState_MachineBecomesIdle" fullname="Cyclops.States.Tests.PopTransitionTests.AddPopTransition_OnLastState_MachineBecomesIdle" methodname="AddPopTransition_OnLastState_MachineBecomesIdle" classname="Cyclops.States.Tests.PopTransitionTests" runstate="Runnable" seed="131656779" result="Passed" start-time="2025-12-08 08:03:48Z" end-time="2025-12-08 08:03:48Z" duration="0.000491" asserts="0">
                <properties>
                  <property name="retryIteration" value="0" />
                  <property name="repeatIteration" value="0" />
                </properties>
              </test-case>
              <test-case id="1060" name="AddPopTransition_PopsState" fullname="Cyclops.States.Tests.PopTransitionTests.AddPopTransition_PopsState" methodname="AddPopTransition_PopsState" classname="Cyclops.States.Tests.PopTransitionTests" runstate="Runnable" seed="773200236" result="Passed" start-time="2025-12-08 08:03:48Z" end-time="2025-12-08 08:03:48Z" duration="0.000253" asserts="0">
                <properties>
                  <property name="retryIteration" value="0" />
                  <property name="repeatIteration" value="0" />
                </properties>
              </test-case>
              <test-case id="1061" name="AddPopTransition_ViaAction_Pops" fullname="Cyclops.States.Tests.PopTransitionTests.AddPopTransition_ViaAction_Pops" methodname="AddPopTransition_ViaAction_Pops" classname="Cyclops.States.Tests.PopTransitionTests" runstate="Runnable" seed="2080567895" result="Passed" start-time="2025-12-08 08:03:48Z" end-time="2025-12-08 08:03:48Z" duration="0.000483" asserts="0">
                <properties>
                  <property name="retryIteration" value="0" />
                  <property name="repeatIteration" value="0" />
                </properties>
              </test-case>
              <test-case id="1062" name="AddPopTransition_ViaGenericAction_Pops" fullname="Cyclops.States.Tests.PopTransitionTests.AddPopTransition_ViaGenericAction_Pops" methodname="AddPopTransition_ViaGenericAction_Pops" classname="Cyclops.States.Tests.PopTransitionTests" runstate="Runnable" seed="789993246" result="Passed" start-time="2025-12-08 08:03:48Z" end-time="2025-12-08 08:03:48Z" duration="0.000450" asserts="0">
                <properties>
                  <property name="retryIteration" value="0" />
                  <property name="repeatIteration" value="0" />
                </properties>
              </test-case>
              <test-case id="1064" name="Pop_ImmediatelyPromotesNewTopToForeground" fullname="Cyclops.States.Tests.PopTransitionTests.Pop_ImmediatelyPromotesNewTopToForeground" methodname="Pop_ImmediatelyPromotesNewTopToForeground" classname="Cyclops.States.Tests.PopTransitionTests" runstate="Runnable" seed="2102204080" result="Passed" start-time="2025-12-08 08:03:48Z" end-time="2025-12-08 08:03:48Z" duration="0.000457" asserts="0">
                <properties>
                  <property name="retryIteration" value="0" />
                  <property name="repeatIteration" value="0" />
                </properties>
              </test-case>
            </test-suite>
            <test-suite type="TestFixture" id="1065" name="PushTransitionTests" fullname="Cyclops.States.Tests.PushTransitionTests" classname="Cyclops.States.Tests.PushTransitionTests" runstate="Runnable" testcasecount="3" result="Passed" start-time="2025-12-08 08:03:48Z" end-time="2025-12-08 08:03:48Z" duration="0.008779" total="3" passed="3" failed="0" inconclusive="0" skipped="0" asserts="0">
              <properties />
              <test-case id="1066" name="AddPushTransition_IsPushed" fullname="Cyclops.States.Tests.PushTransitionTests.AddPushTransition_IsPushed" methodname="AddPushTransition_IsPushed" classname="Cyclops.States.Tests.PushTransitionTests" runstate="Runnable" seed="1608574847" result="Passed" start-time="2025-12-08 08:03:48Z" end-time="2025-12-08 08:03:48Z" duration="0.000689" asserts="0">
                <properties>
                  <property name="retryIteration" value="0" />
                  <property name="repeatIteration" value="0" />
                </properties>
              </test-case>
              <test-case id="1067" name="AddPushTransition_ViaAction_Pushes" fullname="Cyclops.States.Tests.PushTransitionTests.AddPushTransition_ViaAction_Pushes" methodname="AddPushTransition_ViaAction_Pushes" classname="Cyclops.States.Tests.PushTransitionTests" runstate="Runnable" seed="745990094" result="Passed" start-time="2025-12-08 08:03:48Z" end-time="2025-12-08 08:03:48Z" duration="0.000460" asserts="0">
                <properties>
                  <property name="retryIteration" value="0" />
                  <property name="repeatIteration" value="0" />
                </properties>
              </test-case>
              <test-case id="1068" name="AddPushTransition_ViaGenericAction_Pushes" fullname="Cyclops.States.Tests.PushTransitionTests.AddPushTransition_ViaGenericAction_Pushes" methodname="AddPushTransition_ViaGenericAction_Pushes" classname="Cyclops.States.Tests.PushTransitionTests" runstate="Runnable" seed="1400394547" result="Passed" start-time="2025-12-08 08:03:48Z" end-time="2025-12-08 08:03:48Z" duration="0.000510" asserts="0">
                <properties>
                  <property name="retryIteration" value="0" />
                  <property name="repeatIteration" value="0" />
                </properties>
              </test-case>
            </test-suite>
            <test-suite type="TestFixture" id="1069" name="ReplaceTransitionTests" fullname="Cyclops.States.Tests.ReplaceTransitionTests" classname="Cyclops.States.Tests.ReplaceTransitionTests" runstate="Runnable" testcasecount="3" result="Passed" start-time="2025-12-08 08:03:48Z" end-time="2025-12-08 08:03:48Z" duration="0.008585" total="3" passed="3" failed="0" inconclusive="0" skipped="0" asserts="0">
              <properties />
              <test-case id="1070" name="AddTransition_Replaces_CurrentState" fullname="Cyclops.States.Tests.ReplaceTransitionTests.AddTransition_Replaces_CurrentState" methodname="AddTransition_Replaces_CurrentState" classname="Cyclops.States.Tests.ReplaceTransitionTests" runstate="Runnable" seed="2056353890" result="Passed" start-time="2025-12-08 08:03:48Z" end-time="2025-12-08 08:03:48Z" duration="0.000432" asserts="0">
                <properties>
                  <property name="retryIteration" value="0" />
                  <property name="repeatIteration" value="0" />
                </properties>
              </test-case>
              <test-case id="1071" name="AddTransition_ViaAction_Replaces" fullname="Cyclops.States.Tests.ReplaceTransitionTests.AddTransition_ViaAction_Replaces" methodname="AddTransition_ViaAction_Replaces" classname="Cyclops.States.Tests.ReplaceTransitionTests" runstate="Runnable" seed="1894370570" result="Passed" start-time="2025-12-08 08:03:48Z" end-time="2025-12-08 08:03:48Z" duration="0.000466" asserts="0">
                <properties>
                  <property name="retryIteration" value="0" />
                  <property name="repeatIteration" value="0" />
                </properties>
              </test-case>
              <test-case id="1072" name="AddTransition_ViaGenericAction_Replaces" fullname="Cyclops.States.Tests.ReplaceTransitionTests.AddTransition_ViaGenericAction_Replaces" methodname="AddTransition_ViaGenericAction_Replaces" classname="Cyclops.States.Tests.ReplaceTransitionTests" runstate="Runnable" seed="1186200015" result="Passed" start-time="2025-12-08 08:03:48Z" end-time="2025-12-08 08:03:48Z" duration="0.000535" asserts="0">
                <properties>
                  <property name="retryIteration" value="0" />
                  <property name="repeatIteration" value="0" />
                </properties>
              </test-case>
            </test-suite>
            <test-suite type="TestFixture" id="1073" name="StateMachineBasicTests" fullname="Cyclops.States.Tests.StateMachineBasicTests" classname="Cyclops.States.Tests.StateMachineBasicTests" runstate="Runnable" testcasecount="4" result="Passed" start-time="2025-12-08 08:03:48Z" end-time="2025-12-08 08:03:48Z" duration="0.007941" total="4" passed="4" failed="0" inconclusive="0" skipped="0" asserts="0">
              <properties />
              <test-case id="1077" name="StateMachine_Context_ReflectsCurrentState" fullname="Cyclops.States.Tests.StateMachineBasicTests.StateMachine_Context_ReflectsCurrentState" methodname="StateMachine_Context_ReflectsCurrentState" classname="Cyclops.States.Tests.StateMachineBasicTests" runstate="Runnable" seed="1941723261" result="Passed" start-time="2025-12-08 08:03:48Z" end-time="2025-12-08 08:03:48Z" duration="0.000429" asserts="0">
                <properties>
                  <property name="retryIteration" value="0" />
                  <property name="repeatIteration" value="0" />
                </properties>
              </test-case>
              <test-case id="1074" name="StateMachine_IsIdle_WhenEmpty" fullname="Cyclops.States.Tests.StateMachineBasicTests.StateMachine_IsIdle_WhenEmpty" methodname="StateMachine_IsIdle_WhenEmpty" classname="Cyclops.States.Tests.StateMachineBasicTests" runstate="Runnable" seed="360912976" result="Passed" start-time="2025-12-08 08:03:48Z" end-time="2025-12-08 08:03:48Z" duration="0.000124" asserts="0">
                <properties>
                  <property name="retryIteration" value="0" />
                  <property name="repeatIteration" value="0" />
                </properties>
              </test-case>
              <test-case id="1075" name="StateMachine_IsNotIdle_AfterPushAndUpdate" fullname="Cyclops.States.Tests.StateMachineBasicTests.StateMachine_IsNotIdle_AfterPushAndUpdate" methodname="StateMachine_IsNotIdle_AfterPushAndUpdate" classname="Cyclops.States.Tests.StateMachineBasicTests" runstate="Runnable" seed="1795833733" result="Passed" start-time="2025-12-08 08:03:48Z" end-time="2025-12-08 08:03:48Z" duration="0.000138" asserts="0">
                <properties>
                  <property name="retryIteration" value="0" />
                  <property name="repeatIteration" value="0" />
                </properties>
              </test-case>
              <test-case id="1076" name="StateMachine_Update_OnEmptyStack_DoesNotThrow" fullname="Cyclops.States.Tests.StateMachineBasicTests.StateMachine_Update_OnEmptyStack_DoesNotThrow" methodname="StateMachine_Update_OnEmptyStack_DoesNotThrow" classname="Cyclops.States.Tests.StateMachineBasicTests" runstate="Runnable" seed="1987673942" result="Passed" start-time="2025-12-08 08:03:48Z" end-time="2025-12-08 08:03:48Z" duration="0.000214" asserts="0">
                <properties>
                  <property name="retryIteration" value="0" />
                  <property name="repeatIteration" value="0" />
                </properties>
              </test-case>
            </test-suite>
            <test-suite type="TestFixture" id="1078" name="StateNameAttributeTests" fullname="Cyclops.States.Tests.StateNameAttributeTests" classname="Cyclops.States.Tests.StateNameAttributeTests" runstate="Runnable" testcasecount="5" result="Passed" start-time="2025-12-08 08:03:48Z" end-time="2025-12-08 08:03:48Z" duration="0.010472" total="5" passed="5" failed="0" inconclusive="0" skipped="0" asserts="0">
              <properties />
              <test-case id="1083" name="MixedStates_AllNamesCorrect" fullname="Cyclops.States.Tests.StateNameAttributeTests.MixedStates_AllNamesCorrect" methodname="MixedStates_AllNamesCorrect" classname="Cyclops.States.Tests.StateNameAttributeTests" runstate="Runnable" seed="1850921221" result="Passed" start-time="2025-12-08 08:03:48Z" end-time="2025-12-08 08:03:48Z" duration="0.000871" asserts="0">
                <properties>
                  <property name="retryIteration" value="0" />
                  <property name="repeatIteration" value="0" />
                </properties>
              </test-case>
              <test-case id="1079" name="StateWithCustomName_UsesCustomName" fullname="Cyclops.States.Tests.StateNameAttributeTests.StateWithCustomName_UsesCustomName" methodname="StateWithCustomName_UsesCustomName" classname="Cyclops.States.Tests.StateNameAttributeTests" runstate="Runnable" seed="1729058425" result="Passed" start-time="2025-12-08 08:03:48Z" end-time="2025-12-08 08:03:48Z" duration="0.000433" asserts="0">
                <properties>
                  <property name="retryIteration" value="0" />
                  <property name="repeatIteration" value="0" />
                </properties>
              </test-case>
              <test-case id="1080" name="StateWithoutCustomName_UsesTypeName" fullname="Cyclops.States.Tests.StateNameAttributeTests.StateWithoutCustomName_UsesTypeName" methodname="StateWithoutCustomName_UsesTypeName" classname="Cyclops.States.Tests.StateNameAttributeTests" runstate="Runnable" seed="2010351891" result="Passed" start-time="2025-12-08 08:03:48Z" end-time="2025-12-08 08:03:48Z" duration="0.000425" asserts="0">
                <properties>
                  <property name="retryIteration" value="0" />
                  <property name="repeatIteration" value="0" />
                </properties>
              </test-case>
              <test-case id="1081" name="TransitionTarget_WithCustomName_UsesCustomName" fullname="Cyclops.States.Tests.StateNameAttributeTests.TransitionTarget_WithCustomName_UsesCustomName" methodname="TransitionTarget_WithCustomName_UsesCustomName" classname="Cyclops.States.Tests.StateNameAttributeTests" runstate="Runnable" seed="1431855643" result="Passed" start-time="2025-12-08 08:03:48Z" end-time="2025-12-08 08:03:48Z" duration="0.000488" asserts="0">
                <properties>
                  <property name="retryIteration" value="0" />
                  <property name="repeatIteration" value="0" />
                </properties>
              </test-case>
              <test-case id="1082" name="TypeNameCache_IsCached" fullname="Cyclops.States.Tests.StateNameAttributeTests.TypeNameCache_IsCached" methodname="TypeNameCache_IsCached" classname="Cyclops.States.Tests.StateNameAttributeTests" runstate="Runnable" seed="828079527" result="Passed" start-time="2025-12-08 08:03:48Z" end-time="2025-12-08 08:03:48Z" duration="0.000379" asserts="0">
                <properties>
                  <property name="retryIteration" value="0" />
                  <property name="repeatIteration" value="0" />
                </properties>
              </test-case>
            </test-suite>
            <test-suite type="TestFixture" id="1084" name="StateReuseTests" fullname="Cyclops.States.Tests.StateReuseTests" classname="Cyclops.States.Tests.StateReuseTests" runstate="Runnable" testcasecount="2" result="Passed" start-time="2025-12-08 08:03:48Z" end-time="2025-12-08 08:03:48Z" duration="0.009236" total="2" passed="2" failed="0" inconclusive="0" skipped="0" asserts="0">
              <properties />
              <test-case id="1085" name="State_CanBeReentered_AfterExit" fullname="Cyclops.States.Tests.StateReuseTests.State_CanBeReentered_AfterExit" methodname="State_CanBeReentered_AfterExit" classname="Cyclops.States.Tests.StateReuseTests" runstate="Runnable" seed="1862713790" result="Passed" start-time="2025-12-08 08:03:48Z" end-time="2025-12-08 08:03:48Z" duration="0.000395" asserts="0">
                <properties>
                  <property name="retryIteration" value="0" />
                  <property name="repeatIteration" value="0" />
                </properties>
              </test-case>
              <test-case id="1086" name="State_CancellationToken_RenewedOnReentry" fullname="Cyclops.States.Tests.StateReuseTests.State_CancellationToken_RenewedOnReentry" methodname="State_CancellationToken_RenewedOnReentry" classname="Cyclops.States.Tests.StateReuseTests" runstate="Runnable" seed="1571169443" result="Passed" start-time="2025-12-08 08:03:48Z" end-time="2025-12-08 08:03:48Z" duration="0.001973" asserts="0">
                <properties>
                  <property name="retryIteration" value="0" />
                  <property name="repeatIteration" value="0" />
                </properties>
              </test-case>
            </test-suite>
            <test-suite type="TestFixture" id="1087" name="TransitionPriorityTests" fullname="Cyclops.States.Tests.TransitionPriorityTests" classname="Cyclops.States.Tests.TransitionPriorityTests" runstate="Runnable" testcasecount="2" result="Passed" start-time="2025-12-08 08:03:48Z" end-time="2025-12-08 08:03:48Z" duration="0.007372" total="2" passed="2" failed="0" inconclusive="0" skipped="0" asserts="0">
              <properties />
              <test-case id="1088" name="Transitions_FirstMatch_Wins" fullname="Cyclops.States.Tests.TransitionPriorityTests.Transitions_FirstMatch_Wins" methodname="Transitions_FirstMatch_Wins" classname="Cyclops.States.Tests.TransitionPriorityTests" runstate="Runnable" seed="2132136355" result="Passed" start-time="2025-12-08 08:03:48Z" end-time="2025-12-08 08:03:48Z" duration="0.000475" asserts="0">
                <properties>
                  <property name="retryIteration" value="0" />
                  <property name="repeatIteration" value="0" />
                </properties>
              </test-case>
              <test-case id="1089" name="Transitions_NoMatch_StaysInState" fullname="Cyclops.States.Tests.TransitionPriorityTests.Transitions_NoMatch_StaysInState" methodname="Transitions_NoMatch_StaysInState" classname="Cyclops.States.Tests.TransitionPriorityTests" runstate="Runnable" seed="543153565" result="Passed" start-time="2025-12-08 08:03:48Z" end-time="2025-12-08 08:03:48Z" duration="0.000315" asserts="0">
                <properties>
                  <property name="retryIteration" value="0" />
                  <property name="repeatIteration" value="0" />
                </properties>
                <output><![CDATA[Saving results to: C:/Users/Mark Davis/AppData/LocalLow/DefaultCompany/Alpha\TestResults.xml
]]></output>
              </test-case>
            </test-suite>
          </test-suite>
        </test-suite>
      </test-suite>
    </test-suite>
  </test-suite>
</test-run>